0 verbose cli /usr/local/bin/node /usr/local/bin/npm
1 info using npm@9.2.0
2 info using node@v18.12.1
3 timing npm:load:whichnode Completed in 0ms
4 timing config:load:defaults Completed in 2ms
5 timing config:load:file:/usr/local/lib/node_modules/npm/npmrc Completed in 4ms
6 timing config:load:builtin Completed in 5ms
7 timing config:load:cli Completed in 1ms
8 timing config:load:env Completed in 1ms
9 timing config:load:project Completed in 1ms
10 timing config:load:file:/home/container/.npmrc Completed in 0ms
11 timing config:load:user Completed in 0ms
12 timing config:load:file:/usr/local/etc/npmrc Completed in 0ms
13 timing config:load:global Completed in 0ms
14 timing config:load:setEnvs Completed in 1ms
15 timing config:load Completed in 12ms
16 timing npm:load:configload Completed in 12ms
17 timing npm:load:mkdirpcache Completed in 1ms
18 timing npm:load:mkdirplogs Completed in 0ms
19 verbose title npm install
20 verbose argv "install"
21 timing npm:load:setTitle Completed in 2ms
22 timing config:load:flatten Completed in 3ms
23 timing npm:load:display Completed in 4ms
24 verbose logfile logs-max:10 dir:/home/container/.npm/_logs/2022-12-28T00_00_07_257Z-
25 verbose logfile /home/container/.npm/_logs/2022-12-28T00_00_07_257Z-debug-0.log
26 timing npm:load:logFile Completed in 24ms
27 timing npm:load:timers Completed in 0ms
28 timing npm:load:configScope Completed in 0ms
29 timing npm:load Completed in 44ms
30 silly logfile start cleaning logs, removing 1 files
31 timing config:load:flatten Completed in 1ms
32 timing arborist:ctor Completed in 1ms
33 silly logfile done cleaning log files
34 timing idealTree:init Completed in 120ms
35 timing idealTree:userRequests Completed in 0ms
36 silly idealTree buildDeps
37 timing idealTree:#root Completed in 0ms
38 timing idealTree:buildDeps Completed in 2ms
39 timing idealTree:fixDepFlags Completed in 0ms
40 timing idealTree Completed in 126ms
41 timing arborist:ctor Completed in 1ms
42 timing reify:loadTrees Completed in 202ms
43 timing reify:diffTrees Completed in 5ms
44 silly reify moves {}
45 timing reify:retireShallow Completed in 1ms
46 timing reify:createSparse Completed in 0ms
47 timing reify:loadBundles Completed in 0ms
48 silly audit bulk request {
48 silly audit   '@dabh/diagnostics': [ '2.0.2' ],
48 silly audit   '@tootallnate/once': [ '1.1.2' ],
48 silly audit   acorn: [ '8.7.1' ],
48 silly audit   'acorn-walk': [ '8.2.0' ],
48 silly audit   'agent-base': [ '6.0.2' ],
48 silly audit   debug: [ '4.3.4', '3.2.7', '4.3.1' ],
48 silly audit   ms: [ '2.1.2', '2.1.3' ],
48 silly audit   'ansi-styles': [ '4.3.0' ],
48 silly audit   argparse: [ '2.0.1' ],
48 silly audit   'ast-types': [ '0.13.4' ],
48 silly audit   async: [ '3.2.3' ],
48 silly audit   bytes: [ '3.1.2' ],
48 silly audit   chalk: [ '4.1.1' ],
48 silly audit   color: [ '3.0.0' ],
48 silly audit   'color-convert': [ '2.0.1', '1.9.3' ],
48 silly audit   'color-name': [ '1.1.4', '1.1.3' ],
48 silly audit   'color-string': [ '1.5.5' ],
48 silly audit   colors: [ '1.4.0' ],
48 silly audit   colorspace: [ '1.1.2' ],
48 silly audit   'core-util-is': [ '1.0.2' ],
48 silly audit   'data-uri-to-buffer': [ '3.0.1' ],
48 silly audit   'deep-is': [ '0.1.4' ],
48 silly audit   degenerator: [ '3.0.2' ],
48 silly audit   depd: [ '2.0.0' ],
48 silly audit   enabled: [ '2.0.0' ],
48 silly audit   escodegen: [ '1.14.3' ],
48 silly audit   esprima: [ '4.0.1' ],
48 silly audit   estraverse: [ '4.3.0' ],
48 silly audit   esutils: [ '2.0.3' ],
48 silly audit   'fast-levenshtein': [ '2.0.6' ],
48 silly audit   'fast-safe-stringify': [ '2.0.7' ],
48 silly audit   fecha: [ '4.2.1' ],
48 silly audit   'file-uri-to-path': [ '2.0.0' ],
48 silly audit   'fn.name': [ '1.1.0' ],
48 silly audit   'fs-extra': [ '8.1.0' ],
48 silly audit   ftp: [ '0.3.10' ],
48 silly audit   'get-uri': [ '3.0.2' ],
48 silly audit   'graceful-fs': [ '4.2.10' ],
48 silly audit   'has-flag': [ '4.0.0' ],
48 silly audit   'http-errors': [ '2.0.0' ],
48 silly audit   'http-proxy-agent': [ '4.0.1' ],
48 silly audit   'https-proxy-agent': [ '5.0.1' ],
48 silly audit   'iconv-lite': [ '0.4.24' ],
48 silly audit   inherits: [ '2.0.4' ],
48 silly audit   ip: [ '1.1.8' ],
48 silly audit   'is-arrayish': [ '0.3.2' ],
48 silly audit   'is-stream': [ '2.0.0' ],
48 silly audit   isarray: [ '0.0.1', '1.0.0' ],
48 silly audit   'js-yaml': [ '4.1.0' ],
48 silly audit   jsonfile: [ '4.0.0' ],
48 silly audit   kuler: [ '2.0.0' ],
48 silly audit   levn: [ '0.3.0' ],
48 silly audit   logform: [ '2.2.0' ],
48 silly audit   'lru-cache': [ '5.1.1' ],
48 silly audit   needle: [ '2.6.0' ],
48 silly audit   netmask: [ '2.0.2' ],
48 silly audit   'one-time': [ '1.0.0' ],
48 silly audit   optionator: [ '0.8.3' ],
48 silly audit   'pac-proxy-agent': [ '5.0.0' ],
48 silly audit   'pac-resolver': [ '5.0.0' ],
48 silly audit   'prelude-ls': [ '1.1.2' ],
48 silly audit   'process-nextick-args': [ '2.0.1' ],
48 silly audit   'proxy-agent': [ '5.0.0' ],
48 silly audit   'proxy-from-env': [ '1.1.0' ],
48 silly audit   'raw-body': [ '2.5.1' ],
48 silly audit   'readable-stream': [ '1.1.14', '2.3.7', '3.6.0' ],
48 silly audit   'safe-buffer': [ '5.1.2', '5.2.1' ],
48 silly audit   'safer-buffer': [ '2.1.2' ],
48 silly audit   sax: [ '1.2.4' ],
48 silly audit   setprototypeof: [ '1.2.0' ],
48 silly audit   'simple-swizzle': [ '0.2.2' ],
48 silly audit   'smart-buffer': [ '4.2.0' ],
48 silly audit   socks: [ '2.6.2' ],
48 silly audit   'socks-proxy-agent': [ '5.0.1' ],
48 silly audit   'source-map': [ '0.6.1' ],
48 silly audit   'stack-trace': [ '0.0.10' ],
48 silly audit   statuses: [ '2.0.1' ],
48 silly audit   string_decoder: [ '0.10.31', '1.1.1', '1.3.0' ],
48 silly audit   'supports-color': [ '7.2.0' ],
48 silly audit   'text-hex': [ '1.0.0' ],
48 silly audit   toidentifier: [ '1.0.1' ],
48 silly audit   'triple-beam': [ '1.3.0' ],
48 silly audit   tslib: [ '2.4.0' ],
48 silly audit   'type-check': [ '0.3.2' ],
48 silly audit   universalify: [ '0.1.2' ],
48 silly audit   unpipe: [ '1.0.0' ],
48 silly audit   'util-deprecate': [ '1.0.2' ],
48 silly audit   vm2: [ '3.9.11' ],
48 silly audit   winston: [ '3.3.3' ],
48 silly audit   'winston-transport': [ '4.4.0' ],
48 silly audit   'word-wrap': [ '1.2.3' ],
48 silly audit   xregexp: [ '2.0.0' ],
48 silly audit   yallist: [ '3.1.1' ]
48 silly audit }
49 timing reify:unpack Completed in 3ms
50 timing reify:unretire Completed in 0ms
51 timing build:queue Completed in 0ms
52 timing build:deps Completed in 1ms
53 timing build Completed in 1ms
54 timing reify:build Completed in 1ms
55 timing reify:trash Completed in 0ms
56 timing reify:save Completed in 37ms
57 http fetch POST 200 https://registry.npmjs.org/-/npm/v1/security/advisories/bulk 298ms
58 timing auditReport:getReport Completed in 307ms
59 silly audit report {}
60 timing auditReport:init Completed in 0ms
61 timing reify:audit Completed in 308ms
62 timing reify Completed in 519ms
63 timing command:install Completed in 531ms
64 verbose exit 0
65 timing npm Completed in 592ms
66 info ok
